Release 14.7 - xst P.20131013 (nt64)
Copyright (c) 1995-2013 Xilinx, Inc.  All rights reserved.
--> Parameter TMPDIR set to xst/projnav.tmp


Total REAL time to Xst completion: 1.00 secs
Total CPU time to Xst completion: 0.19 secs
 
--> Parameter xsthdpdir set to xst


Total REAL time to Xst completion: 1.00 secs
Total CPU time to Xst completion: 0.19 secs
 
--> Reading design: Inst_Rom.prj

TABLE OF CONTENTS
  1) Synthesis Options Summary
  2) HDL Parsing
  3) HDL Elaboration
  4) HDL Synthesis
       4.1) HDL Synthesis Report
  5) Advanced HDL Synthesis
       5.1) Advanced HDL Synthesis Report
  6) Low Level Synthesis
  7) Partition Report
  8) Design Summary
       8.1) Primitive and Black Box Usage
       8.2) Device utilization summary
       8.3) Partition Resource Summary
       8.4) Timing Report
            8.4.1) Clock Information
            8.4.2) Asynchronous Control Signals Information
            8.4.3) Timing Summary
            8.4.4) Timing Details
            8.4.5) Cross Clock Domains Report


=========================================================================
*                      Synthesis Options Summary                        *
=========================================================================
---- Source Parameters
Input File Name                    : "Inst_Rom.prj"
Ignore Synthesis Constraint File   : NO

---- Target Parameters
Output File Name                   : "Inst_Rom"
Output Format                      : NGC
Target Device                      : xc6slx45-3-csg484

---- Source Options
Top Module Name                    : Inst_Rom
Automatic FSM Extraction           : YES
FSM Encoding Algorithm             : Auto
Safe Implementation                : No
FSM Style                          : LUT
RAM Extraction                     : Yes
RAM Style                          : Auto
ROM Extraction                     : Yes
Shift Register Extraction          : YES
ROM Style                          : Auto
Resource Sharing                   : YES
Asynchronous To Synchronous        : NO
Shift Register Minimum Size        : 2
Use DSP Block                      : Auto
Automatic Register Balancing       : No

---- Target Options
LUT Combining                      : Auto
Reduce Control Sets                : Auto
Add IO Buffers                     : YES
Global Maximum Fanout              : 100000
Add Generic Clock Buffer(BUFG)     : 16
Register Duplication               : YES
Optimize Instantiated Primitives   : NO
Use Clock Enable                   : Auto
Use Synchronous Set                : Auto
Use Synchronous Reset              : Auto
Pack IO Registers into IOBs        : Auto
Equivalent register Removal        : YES

---- General Options
Optimization Goal                  : Speed
Optimization Effort                : 1
Power Reduction                    : NO
Keep Hierarchy                     : No
Netlist Hierarchy                  : As_Optimized
RTL Output                         : Yes
Global Optimization                : AllClockNets
Read Cores                         : YES
Write Timing Constraints           : NO
Cross Clock Analysis               : NO
Hierarchy Separator                : /
Bus Delimiter                      : <>
Case Specifier                     : Maintain
Slice Utilization Ratio            : 100
BRAM Utilization Ratio             : 100
DSP48 Utilization Ratio            : 100
Auto BRAM Packing                  : NO
Slice Utilization Ratio Delta      : 5

=========================================================================


=========================================================================
*                          HDL Parsing                                  *
=========================================================================
Analyzing Verilog file "C:\Users\29593\Documents\cyk\computer-system\single_cpu\single_cpu\Inst_Rom.v" into library work
Parsing module <Inst_Rom>.

=========================================================================
*                            HDL Elaboration                            *
=========================================================================

Elaborating module <Inst_Rom>.
Reading initialization file \"instruction.txt\".
WARNING:HDLCompiler:1670 - "C:\Users\29593\Documents\cyk\computer-system\single_cpu\single_cpu\Inst_Rom.v" Line 31: Signal <inst_rom> in initial block is partially initialized.
WARNING:HDLCompiler:413 - "C:\Users\29593\Documents\cyk\computer-system\single_cpu\single_cpu\Inst_Rom.v" Line 35: Result of 64-bit expression is truncated to fit in 32-bit target.

=========================================================================
*                           HDL Synthesis                               *
=========================================================================

Synthesizing Unit <Inst_Rom>.
    Related source file is "C:\Users\29593\Documents\cyk\computer-system\single_cpu\single_cpu\Inst_Rom.v".
WARNING:Xst:647 - Input <pc<1:0>> is never used. This port will be preserved and left unconnected if it belongs to a top-level block or it belongs to a sub-block and the hierarchy of this sub-block is preserved.
WARNING:Xst:647 - Input <pc<31:8>> is never used. This port will be preserved and left unconnected if it belongs to a top-level block or it belongs to a sub-block and the hierarchy of this sub-block is preserved.
WARNING:Xst:2999 - Signal 'inst_rom', unconnected in block 'Inst_Rom', is tied to its initial value.
    Found 32x64-bit single-port Read Only RAM <Mram_inst_rom> for signal <inst_rom>.
    Summary:
	inferred   1 RAM(s).
Unit <Inst_Rom> synthesized.

=========================================================================
HDL Synthesis Report

Macro Statistics
# RAMs                                                 : 1
 32x64-bit single-port Read Only RAM                   : 1

=========================================================================

=========================================================================
*                       Advanced HDL Synthesis                          *
=========================================================================


Synthesizing (advanced) Unit <Inst_Rom>.
INFO:Xst:3218 - HDL ADVISOR - The RAM <Mram_inst_rom> will be implemented on LUTs either because you have described an asynchronous read or because of currently unsupported block RAM features. If you have described an asynchronous read, making it synchronous would allow you to take advantage of available block RAM resources, for optimized device usage and improved timings. Please refer to your documentation for coding guidelines.
    -----------------------------------------------------------------------
    | ram_type           | Distributed                         |          |
    -----------------------------------------------------------------------
    | Port A                                                              |
    |     aspect ratio   | 32-word x 64-bit                    |          |
    |     weA            | connected to signal <GND>           | high     |
    |     addrA          | connected to signal <pc>            |          |
    |     diA            | connected to signal <GND>           |          |
    |     doA            | connected to signal <instruction>   |          |
    -----------------------------------------------------------------------
Unit <Inst_Rom> synthesized (advanced).

=========================================================================
Advanced HDL Synthesis Report

Macro Statistics
# RAMs                                                 : 1
 32x64-bit single-port distributed Read Only RAM       : 1

=========================================================================

=========================================================================
*                         Low Level Synthesis                           *
=========================================================================

Optimizing unit <Inst_Rom> ...

Mapping all equations...
Building and optimizing final netlist ...
Found area constraint ratio of 100 (+ 5) on block Inst_Rom, actual ratio is 0.

Final Macro Processing ...

=========================================================================
Final Register Report

Found no macro
=========================================================================

=========================================================================
*                           Partition Report                            *
=========================================================================

Partition Implementation Status
-------------------------------

  No Partitions were found in this design.

-------------------------------

=========================================================================
*                            Design Summary                             *
=========================================================================

Top Level Output File Name         : Inst_Rom.ngc

Primitive and Black Box Usage:
------------------------------
# BELS                             : 4
#      GND                         : 1
#      LUT4                        : 1
#      LUT5                        : 2
# IO Buffers                       : 37
#      IBUF                        : 5
#      OBUF                        : 32

Device utilization summary:
---------------------------

Selected Device : 6slx45csg484-3 


Slice Logic Utilization: 
 Number of Slice LUTs:                    3  out of  27288     0%  
    Number used as Logic:                 3  out of  27288     0%  

Slice Logic Distribution: 
 Number of LUT Flip Flop pairs used:      3
   Number with an unused Flip Flop:       3  out of      3   100%  
   Number with an unused LUT:             0  out of      3     0%  
   Number of fully used LUT-FF pairs:     0  out of      3     0%  
   Number of unique control sets:         0

IO Utilization: 
 Number of IOs:                          64
 Number of bonded IOBs:                  37  out of    320    11%  

Specific Feature Utilization:

---------------------------
Partition Resource Summary:
---------------------------

  No Partitions were found in this design.

---------------------------


=========================================================================
Timing Report

NOTE: THESE TIMING NUMBERS ARE ONLY A SYNTHESIS ESTIMATE.
      FOR ACCURATE TIMING INFORMATION PLEASE REFER TO THE TRACE REPORT
      GENERATED AFTER PLACE-and-ROUTE.

Clock Information:
------------------
No clock signals found in this design

Asynchronous Control Signals Information:
----------------------------------------
No asynchronous control signals found in this design

Timing Summary:
---------------
Speed Grade: -3

   Minimum period: No path found
   Minimum input arrival time before clock: No path found
   Maximum output required time after clock: No path found
   Maximum combinational path delay: 5.730ns

Timing Details:
---------------
All values displayed in nanoseconds (ns)

=========================================================================
Timing constraint: Default path analysis
  Total number of paths / destination ports: 94 / 20
-------------------------------------------------------------------------
Delay:               5.730ns (Levels of Logic = 3)
  Source:            pc<2> (PAD)
  Destination:       instruction<31> (PAD)

  Data Path: pc<2> to instruction<31>
                                Gate     Net
    Cell:in->out      fanout   Delay   Delay  Logical Name (Net Name)
    ----------------------------------------  ------------
     IBUF:I->O             2   1.222   0.961  pc_2_IBUF (pc_2_IBUF)
     LUT5:I0->O            7   0.203   0.773  instruction<16>1 (instruction_16_OBUF)
     OBUF:I->O                 2.571          instruction_31_OBUF (instruction<31>)
    ----------------------------------------
    Total                      5.730ns (3.996ns logic, 1.734ns route)
                                       (69.7% logic, 30.3% route)

=========================================================================

Cross Clock Domains Report:
--------------------------

=========================================================================


Total REAL time to Xst completion: 5.00 secs
Total CPU time to Xst completion: 5.07 secs
 
--> 

Total memory usage is 4487480 kilobytes

Number of errors   :    0 (   0 filtered)
Number of warnings :    5 (   0 filtered)
Number of infos    :    1 (   0 filtered)

