--------------------------------------------------------------------------------
Release 14.7 Trace  (nt64)
Copyright (c) 1995-2013 Xilinx, Inc.  All rights reserved.

C:\Xilinx\14.7\ISE_DS\ISE\bin\nt64\unwrapped\trce.exe -intstyle ise -v 3 -s 3
-n 3 -fastpaths -xml SixSevenSegs_Anvyl.twx SixSevenSegs_Anvyl.ncd -o
SixSevenSegs_Anvyl.twr SixSevenSegs_Anvyl.pcf -ucf SevenSegs.ucf

Design file:              SixSevenSegs_Anvyl.ncd
Physical constraint file: SixSevenSegs_Anvyl.pcf
Device,package,speed:     xc6slx45,csg484,C,-3 (PRODUCTION 1.23 2013-10-13)
Report level:             verbose report

Environment Variable      Effect 
--------------------      ------ 
NONE                      No environment variables were set
--------------------------------------------------------------------------------

INFO:Timing:2698 - No timing constraints found, doing default enumeration.
INFO:Timing:3412 - To improve timing, see the Timing Closure User Guide (UG612).
INFO:Timing:2752 - To get complete path coverage, use the unconstrained paths 
   option. All paths that are not constrained will be reported in the 
   unconstrained paths section(s) of the report.
INFO:Timing:3339 - The clock-to-out numbers in this timing report are based on 
   a 50 Ohm transmission line loading model.  For the details of this model, 
   and for more information on accounting for different loading conditions, 
   please see the device datasheet.



Data Sheet report:
-----------------
All values displayed in nanoseconds (ns)

Clock to Setup on destination clock Clock
---------------+---------+---------+---------+---------+
               | Src:Rise| Src:Fall| Src:Rise| Src:Fall|
Source Clock   |Dest:Rise|Dest:Rise|Dest:Fall|Dest:Fall|
---------------+---------+---------+---------+---------+
Clock          |    3.811|         |         |         |
---------------+---------+---------+---------+---------+

Pad to Pad
---------------+---------------+---------+
Source Pad     |Destination Pad|  Delay  |
---------------+---------------+---------+
Switch<0>      |En<0>          |   10.492|
Switch<0>      |Segs<0>        |   10.689|
Switch<0>      |Segs<1>        |   10.785|
Switch<0>      |Segs<2>        |   10.766|
Switch<0>      |Segs<3>        |   10.513|
Switch<0>      |Segs<4>        |    9.237|
Switch<0>      |Segs<5>        |    9.779|
Switch<1>      |En<1>          |    9.572|
Switch<1>      |Segs<1>        |    9.784|
Switch<1>      |Segs<2>        |   10.389|
Switch<2>      |En<2>          |    8.884|
Switch<2>      |Segs<0>        |   10.290|
Switch<2>      |Segs<1>        |   10.095|
Switch<2>      |Segs<3>        |   10.114|
Switch<2>      |Segs<4>        |    9.083|
Switch<2>      |Segs<6>        |    9.910|
Switch<3>      |En<3>          |   10.154|
Switch<3>      |Segs<0>        |   10.555|
Switch<3>      |Segs<1>        |   10.420|
Switch<3>      |Segs<2>        |   10.602|
Switch<3>      |Segs<3>        |   10.379|
Switch<3>      |Segs<6>        |   10.293|
Switch<4>      |En<4>          |    9.488|
Switch<4>      |Segs<0>        |   10.333|
Switch<4>      |Segs<1>        |   10.021|
Switch<4>      |Segs<2>        |   10.489|
Switch<4>      |Segs<3>        |   10.157|
Switch<4>      |Segs<5>        |    9.530|
Switch<4>      |Segs<6>        |    9.527|
Switch<5>      |En<5>          |   10.077|
Switch<5>      |Segs<0>        |   10.962|
Switch<5>      |Segs<2>        |   10.520|
Switch<5>      |Segs<3>        |   10.786|
Switch<5>      |Segs<5>        |   10.232|
Switch<5>      |Segs<6>        |    9.858|
---------------+---------------+---------+


Analysis completed Sun Jun 13 17:32:29 2021 
--------------------------------------------------------------------------------

Trace Settings:
-------------------------
Trace Settings 

Peak Memory Usage: 4625 MB



