Release 14.7 - xst P.20131013 (nt64)
Copyright (c) 1995-2013 Xilinx, Inc.  All rights reserved.
--> Parameter TMPDIR set to xst/projnav.tmp


Total REAL time to Xst completion: 0.00 secs
Total CPU time to Xst completion: 0.16 secs
 
--> Parameter xsthdpdir set to xst


Total REAL time to Xst completion: 0.00 secs
Total CPU time to Xst completion: 0.17 secs
 
--> Reading design: SixSevenSegs_Anvyl.prj

TABLE OF CONTENTS
  1) Synthesis Options Summary
  2) HDL Parsing
  3) HDL Elaboration
  4) HDL Synthesis
       4.1) HDL Synthesis Report
  5) Advanced HDL Synthesis
       5.1) Advanced HDL Synthesis Report
  6) Low Level Synthesis
  7) Partition Report
  8) Design Summary
       8.1) Primitive and Black Box Usage
       8.2) Device utilization summary
       8.3) Partition Resource Summary
       8.4) Timing Report
            8.4.1) Clock Information
            8.4.2) Asynchronous Control Signals Information
            8.4.3) Timing Summary
            8.4.4) Timing Details
            8.4.5) Cross Clock Domains Report


=========================================================================
*                      Synthesis Options Summary                        *
=========================================================================
---- Source Parameters
Input File Name                    : "SixSevenSegs_Anvyl.prj"
Ignore Synthesis Constraint File   : NO

---- Target Parameters
Output File Name                   : "SixSevenSegs_Anvyl"
Output Format                      : NGC
Target Device                      : xc6slx45-3-csg484

---- Source Options
Top Module Name                    : SixSevenSegs_Anvyl
Automatic FSM Extraction           : YES
FSM Encoding Algorithm             : Auto
Safe Implementation                : No
FSM Style                          : LUT
RAM Extraction                     : Yes
RAM Style                          : Auto
ROM Extraction                     : Yes
Shift Register Extraction          : YES
ROM Style                          : Auto
Resource Sharing                   : YES
Asynchronous To Synchronous        : NO
Shift Register Minimum Size        : 2
Use DSP Block                      : Auto
Automatic Register Balancing       : No

---- Target Options
LUT Combining                      : Auto
Reduce Control Sets                : Auto
Add IO Buffers                     : YES
Global Maximum Fanout              : 100000
Add Generic Clock Buffer(BUFG)     : 16
Register Duplication               : YES
Optimize Instantiated Primitives   : NO
Use Clock Enable                   : Auto
Use Synchronous Set                : Auto
Use Synchronous Reset              : Auto
Pack IO Registers into IOBs        : Auto
Equivalent register Removal        : YES

---- General Options
Optimization Goal                  : Speed
Optimization Effort                : 1
Power Reduction                    : NO
Keep Hierarchy                     : No
Netlist Hierarchy                  : As_Optimized
RTL Output                         : Yes
Global Optimization                : AllClockNets
Read Cores                         : YES
Write Timing Constraints           : NO
Cross Clock Analysis               : NO
Hierarchy Separator                : /
Bus Delimiter                      : <>
Case Specifier                     : Maintain
Slice Utilization Ratio            : 100
BRAM Utilization Ratio             : 100
DSP48 Utilization Ratio            : 100
Auto BRAM Packing                  : NO
Slice Utilization Ratio Delta      : 5

=========================================================================


=========================================================================
*                          HDL Parsing                                  *
=========================================================================
Analyzing Verilog file "C:\Users\29593\Documents\cyk\computer-system\single_cpu\single_cpu\SevenSegs.v" into library work
Parsing module <SevenSegs>.
Analyzing Verilog file "C:\Users\29593\Documents\cyk\computer-system\single_cpu\single_cpu\SevenSegsController.v" into library work
Parsing module <SevenSegsController>.
Analyzing Verilog file "C:\Users\29593\Documents\cyk\computer-system\single_cpu\single_cpu\ClockDivider.v" into library work
Parsing module <ClockDivider>.
Analyzing Verilog file "C:\Users\29593\Documents\cyk\computer-system\single_cpu\single_cpu\SixSevenSegs_Anvyl.v" into library work
Parsing module <SixSevenSegs_Anvyl>.

=========================================================================
*                            HDL Elaboration                            *
=========================================================================

Elaborating module <SixSevenSegs_Anvyl>.

Elaborating module <ClockDivider>.

Elaborating module <SevenSegsController>.
WARNING:HDLCompiler:413 - "C:\Users\29593\Documents\cyk\computer-system\single_cpu\single_cpu\SevenSegsController.v" Line 41: Result of 4-bit expression is truncated to fit in 3-bit target.

Elaborating module <SevenSegs>.

=========================================================================
*                           HDL Synthesis                               *
=========================================================================

Synthesizing Unit <SixSevenSegs_Anvyl>.
    Related source file is "C:\Users\29593\Documents\cyk\computer-system\single_cpu\single_cpu\SixSevenSegs_Anvyl.v".
    Summary:
	no macro.
Unit <SixSevenSegs_Anvyl> synthesized.

Synthesizing Unit <ClockDivider>.
    Related source file is "C:\Users\29593\Documents\cyk\computer-system\single_cpu\single_cpu\ClockDivider.v".
        COUNTER = 32'b00000000000000001100001101010000
    Found 1-bit register for signal <DividedClock>.
    Found 33-bit register for signal <clock_count>.
    Found 33-bit adder for signal <clock_count[32]_GND_2_o_add_1_OUT> created at line 35.
    Summary:
	inferred   1 Adder/Subtractor(s).
	inferred  34 D-type flip-flop(s).
Unit <ClockDivider> synthesized.

Synthesizing Unit <SevenSegsController>.
    Related source file is "C:\Users\29593\Documents\cyk\computer-system\single_cpu\single_cpu\SevenSegsController.v".
    Found 3-bit register for signal <select_display>.
    Found 3-bit adder for signal <select_display[2]_GND_3_o_add_2_OUT> created at line 41.
    Found 8x4-bit Read Only RAM for signal <four_digits>
    Found 1-bit 6-to-1 multiplexer for signal <select_display[2]_X_3_o_Mux_33_o> created at line 71.
    Summary:
	inferred   1 RAM(s).
	inferred   1 Adder/Subtractor(s).
	inferred   3 D-type flip-flop(s).
	inferred   6 Multiplexer(s).
Unit <SevenSegsController> synthesized.

Synthesizing Unit <SevenSegs>.
    Related source file is "C:\Users\29593\Documents\cyk\computer-system\single_cpu\single_cpu\SevenSegs.v".
    Summary:
	inferred   1 Multiplexer(s).
Unit <SevenSegs> synthesized.

=========================================================================
HDL Synthesis Report

Macro Statistics
# RAMs                                                 : 1
 8x4-bit single-port Read Only RAM                     : 1
# Adders/Subtractors                                   : 2
 3-bit adder                                           : 1
 33-bit adder                                          : 1
# Registers                                            : 3
 1-bit register                                        : 1
 3-bit register                                        : 1
 33-bit register                                       : 1
# Multiplexers                                         : 7
 1-bit 6-to-1 multiplexer                              : 1
 6-bit 2-to-1 multiplexer                              : 5
 7-bit 2-to-1 multiplexer                              : 1

=========================================================================

=========================================================================
*                       Advanced HDL Synthesis                          *
=========================================================================


Synthesizing (advanced) Unit <ClockDivider>.
The following registers are absorbed into counter <clock_count>: 1 register on signal <clock_count>.
Unit <ClockDivider> synthesized (advanced).

Synthesizing (advanced) Unit <SevenSegsController>.
The following registers are absorbed into counter <select_display>: 1 register on signal <select_display>.
INFO:Xst:3218 - HDL ADVISOR - The RAM <Mram_four_digits> will be implemented on LUTs either because you have described an asynchronous read or because of currently unsupported block RAM features. If you have described an asynchronous read, making it synchronous would allow you to take advantage of available block RAM resources, for optimized device usage and improved timings. Please refer to your documentation for coding guidelines.
    -----------------------------------------------------------------------
    | ram_type           | Distributed                         |          |
    -----------------------------------------------------------------------
    | Port A                                                              |
    |     aspect ratio   | 8-word x 4-bit                      |          |
    |     weA            | connected to signal <GND>           | high     |
    |     addrA          | connected to signal <select_display> |          |
    |     diA            | connected to signal <GND>           |          |
    |     doA            | connected to signal <four_digits>   |          |
    -----------------------------------------------------------------------
Unit <SevenSegsController> synthesized (advanced).

=========================================================================
Advanced HDL Synthesis Report

Macro Statistics
# RAMs                                                 : 1
 8x4-bit single-port distributed Read Only RAM         : 1
# Counters                                             : 2
 3-bit up counter                                      : 1
 33-bit up counter                                     : 1
# Registers                                            : 1
 Flip-Flops                                            : 1
# Multiplexers                                         : 7
 1-bit 6-to-1 multiplexer                              : 1
 6-bit 2-to-1 multiplexer                              : 5
 7-bit 2-to-1 multiplexer                              : 1

=========================================================================

=========================================================================
*                         Low Level Synthesis                           *
=========================================================================

Optimizing unit <SixSevenSegs_Anvyl> ...

Optimizing unit <SevenSegsController> ...

Mapping all equations...
Building and optimizing final netlist ...
Found area constraint ratio of 100 (+ 5) on block SixSevenSegs_Anvyl, actual ratio is 0.

Final Macro Processing ...

=========================================================================
Final Register Report

Macro Statistics
# Registers                                            : 37
 Flip-Flops                                            : 37

=========================================================================

=========================================================================
*                           Partition Report                            *
=========================================================================

Partition Implementation Status
-------------------------------

  No Partitions were found in this design.

-------------------------------

=========================================================================
*                            Design Summary                             *
=========================================================================

Top Level Output File Name         : SixSevenSegs_Anvyl.ngc

Primitive and Black Box Usage:
------------------------------
# BELS                             : 161
#      GND                         : 1
#      INV                         : 2
#      LUT1                        : 32
#      LUT2                        : 34
#      LUT3                        : 5
#      LUT4                        : 7
#      LUT5                        : 4
#      LUT6                        : 10
#      MUXCY                       : 32
#      VCC                         : 1
#      XORCY                       : 33
# FlipFlops/Latches                : 37
#      FD                          : 34
#      FDR                         : 3
# Clock Buffers                    : 1
#      BUFGP                       : 1
# IO Buffers                       : 20
#      IBUF                        : 6
#      OBUF                        : 14

Device utilization summary:
---------------------------

Selected Device : 6slx45csg484-3 


Slice Logic Utilization: 
 Number of Slice Registers:              37  out of  54576     0%  
 Number of Slice LUTs:                   94  out of  27288     0%  
    Number used as Logic:                94  out of  27288     0%  

Slice Logic Distribution: 
 Number of LUT Flip Flop pairs used:     94
   Number with an unused Flip Flop:      57  out of     94    60%  
   Number with an unused LUT:             0  out of     94     0%  
   Number of fully used LUT-FF pairs:    37  out of     94    39%  
   Number of unique control sets:         2

IO Utilization: 
 Number of IOs:                          21
 Number of bonded IOBs:                  21  out of    320     6%  

Specific Feature Utilization:
 Number of BUFG/BUFGCTRLs:                1  out of     16     6%  

---------------------------
Partition Resource Summary:
---------------------------

  No Partitions were found in this design.

---------------------------


=========================================================================
Timing Report

NOTE: THESE TIMING NUMBERS ARE ONLY A SYNTHESIS ESTIMATE.
      FOR ACCURATE TIMING INFORMATION PLEASE REFER TO THE TRACE REPORT
      GENERATED AFTER PLACE-and-ROUTE.

Clock Information:
------------------
-----------------------------------+----------------------------------------------+-------+
Clock Signal                       | Clock buffer(FF name)                        | Load  |
-----------------------------------+----------------------------------------------+-------+
M1_ClockDivider/DividedClock       | NONE(M2_SevenSegsController/select_display_2)| 3     |
Clock                              | BUFGP                                        | 34    |
-----------------------------------+----------------------------------------------+-------+
INFO:Xst:2169 - HDL ADVISOR - Some clock signals were not automatically buffered by XST with BUFG/BUFR resources. Please use the buffer_type constraint in order to insert these buffers to the clock signals to help prevent skew problems.

Asynchronous Control Signals Information:
----------------------------------------
No asynchronous control signals found in this design

Timing Summary:
---------------
Speed Grade: -3

   Minimum period: 4.164ns (Maximum Frequency: 240.136MHz)
   Minimum input arrival time before clock: No path found
   Maximum output required time after clock: 6.231ns
   Maximum combinational path delay: 6.741ns

Timing Details:
---------------
All values displayed in nanoseconds (ns)

=========================================================================
Timing constraint: Default period analysis for Clock 'M1_ClockDivider/DividedClock'
  Clock period: 2.942ns (frequency: 339.887MHz)
  Total number of paths / destination ports: 15 / 6
-------------------------------------------------------------------------
Delay:               2.942ns (Levels of Logic = 1)
  Source:            M2_SevenSegsController/select_display_0 (FF)
  Destination:       M2_SevenSegsController/select_display_2 (FF)
  Source Clock:      M1_ClockDivider/DividedClock rising
  Destination Clock: M1_ClockDivider/DividedClock rising

  Data Path: M2_SevenSegsController/select_display_0 to M2_SevenSegsController/select_display_2
                                Gate     Net
    Cell:in->out      fanout   Delay   Delay  Logical Name (Net Name)
    ----------------------------------------  ------------
     FDR:C->Q             15   0.447   1.210  M2_SevenSegsController/select_display_0 (M2_SevenSegsController/select_display_0)
     LUT3:I0->O            3   0.205   0.650  M2_SevenSegsController/Mmux_ShowOneofSix611 (M2_SevenSegsController/Mmux_ShowOneofSix61)
     FDR:R                     0.430          M2_SevenSegsController/select_display_0
    ----------------------------------------
    Total                      2.942ns (1.082ns logic, 1.860ns route)
                                       (36.8% logic, 63.2% route)

=========================================================================
Timing constraint: Default period analysis for Clock 'Clock'
  Clock period: 4.164ns (frequency: 240.136MHz)
  Total number of paths / destination ports: 1685 / 34
-------------------------------------------------------------------------
Delay:               4.164ns (Levels of Logic = 3)
  Source:            M1_ClockDivider/clock_count_25 (FF)
  Destination:       M1_ClockDivider/clock_count_0 (FF)
  Source Clock:      Clock rising
  Destination Clock: Clock rising

  Data Path: M1_ClockDivider/clock_count_25 to M1_ClockDivider/clock_count_0
                                Gate     Net
    Cell:in->out      fanout   Delay   Delay  Logical Name (Net Name)
    ----------------------------------------  ------------
     FD:C->Q               2   0.447   0.981  M1_ClockDivider/clock_count_25 (M1_ClockDivider/clock_count_25)
     LUT6:I0->O            3   0.203   0.995  M1_ClockDivider/clock_count[32]_GND_2_o_equal_3_o<32>5 (M1_ClockDivider/clock_count[32]_GND_2_o_equal_3_o<32>4)
     LUT6:I1->O           17   0.203   1.028  M1_ClockDivider/clock_count[32]_GND_2_o_equal_3_o<32>7 (M1_ClockDivider/clock_count[32]_GND_2_o_equal_3_o)
     LUT2:I1->O            1   0.205   0.000  M1_ClockDivider/clock_count_0_rstpot (M1_ClockDivider/clock_count_0_rstpot)
     FD:D                      0.102          M1_ClockDivider/clock_count_0
    ----------------------------------------
    Total                      4.164ns (1.160ns logic, 3.004ns route)
                                       (27.9% logic, 72.1% route)

=========================================================================
Timing constraint: Default OFFSET OUT AFTER for Clock 'M1_ClockDivider/DividedClock'
  Total number of paths / destination ports: 82 / 13
-------------------------------------------------------------------------
Offset:              6.231ns (Levels of Logic = 3)
  Source:            M2_SevenSegsController/select_display_2 (FF)
  Destination:       Segs<3> (PAD)
  Source Clock:      M1_ClockDivider/DividedClock rising

  Data Path: M2_SevenSegsController/select_display_2 to Segs<3>
                                Gate     Net
    Cell:in->out      fanout   Delay   Delay  Logical Name (Net Name)
    ----------------------------------------  ------------
     FDR:C->Q             13   0.447   1.161  M2_SevenSegsController/select_display_2 (M2_SevenSegsController/select_display_2)
     LUT4:I1->O            4   0.205   1.028  M2_SevenSegsController/select_display[2]_DisplayEnables[0]_AND_1_o1 (En_0_OBUF)
     LUT5:I0->O            2   0.203   0.616  M2_SevenSegsController/M1_SevenSegs/Mmux_A_G4 (Segs_0_OBUF)
     OBUF:I->O                 2.571          Segs_3_OBUF (Segs<3>)
    ----------------------------------------
    Total                      6.231ns (3.426ns logic, 2.805ns route)
                                       (55.0% logic, 45.0% route)

=========================================================================
Timing constraint: Default path analysis
  Total number of paths / destination ports: 35 / 13
-------------------------------------------------------------------------
Delay:               6.741ns (Levels of Logic = 4)
  Source:            Switch<0> (PAD)
  Destination:       Segs<3> (PAD)

  Data Path: Switch<0> to Segs<3>
                                Gate     Net
    Cell:in->out      fanout   Delay   Delay  Logical Name (Net Name)
    ----------------------------------------  ------------
     IBUF:I->O             3   1.222   0.898  Switch_0_IBUF (Switch_0_IBUF)
     LUT4:I0->O            4   0.203   1.028  M2_SevenSegsController/select_display[2]_DisplayEnables[0]_AND_1_o1 (En_0_OBUF)
     LUT5:I0->O            2   0.203   0.616  M2_SevenSegsController/M1_SevenSegs/Mmux_A_G4 (Segs_0_OBUF)
     OBUF:I->O                 2.571          Segs_3_OBUF (Segs<3>)
    ----------------------------------------
    Total                      6.741ns (4.199ns logic, 2.542ns route)
                                       (62.3% logic, 37.7% route)

=========================================================================

Cross Clock Domains Report:
--------------------------

Clock to Setup on destination clock Clock
---------------+---------+---------+---------+---------+
               | Src:Rise| Src:Fall| Src:Rise| Src:Fall|
Source Clock   |Dest:Rise|Dest:Rise|Dest:Fall|Dest:Fall|
---------------+---------+---------+---------+---------+
Clock          |    4.164|         |         |         |
---------------+---------+---------+---------+---------+

Clock to Setup on destination clock M1_ClockDivider/DividedClock
----------------------------+---------+---------+---------+---------+
                            | Src:Rise| Src:Fall| Src:Rise| Src:Fall|
Source Clock                |Dest:Rise|Dest:Rise|Dest:Fall|Dest:Fall|
----------------------------+---------+---------+---------+---------+
M1_ClockDivider/DividedClock|    2.942|         |         |         |
----------------------------+---------+---------+---------+---------+

=========================================================================


Total REAL time to Xst completion: 4.00 secs
Total CPU time to Xst completion: 4.68 secs
 
--> 

Total memory usage is 4486904 kilobytes

Number of errors   :    0 (   0 filtered)
Number of warnings :    1 (   0 filtered)
Number of infos    :    2 (   0 filtered)

